<?xml version="1.0" encoding="UTF-8"?>
<!-- Generated by org.testng.reporters.JUnitReportReporter -->
<testsuite hostname="LAPTOP-8LJ1OQ8E" failures="0" tests="1" name="tests.TwoTest" time="7.647" errors="0" timestamp="2024-09-13T13:43:31 IST" skipped="0">
  <testcase classname="tests.TwoTest" name="testTwo" time="7.647"/>
</testsuite> <!-- tests.TwoTest -->
