<?xml version="1.0" encoding="UTF-8"?>
<!-- Generated by org.testng.reporters.JUnitReportReporter -->
<testsuite hostname="LAPTOP-8LJ1OQ8E" failures="0" tests="1" name="tests.RegisterTest" time="6.439" errors="0" timestamp="2024-09-12T16:58:06 IST" skipped="0">
  <testcase classname="tests.RegisterTest" name="register" time="6.439"/>
</testsuite> <!-- tests.RegisterTest -->
