<?xml version="1.0" encoding="UTF-8"?>
<!-- Generated by org.testng.reporters.JUnitReportReporter -->
<testsuite hostname="LAPTOP-8LJ1OQ8E" failures="0" tests="1" name="runner.Runner" time="19.440" errors="0" timestamp="2024-09-14T02:37:38 IST" skipped="0">
  <testcase classname="runner.Runner" name="runScenario" time="19.440"/>
</testsuite> <!-- runner.Runner -->
