<?xml version="1.0" encoding="UTF-8"?>
<!-- Generated by org.testng.reporters.JUnitReportReporter -->
<testsuite hostname="LAPTOP-8LJ1OQ8E" failures="0" tests="1" name="fdpack.Oracle" time="2.949" errors="0" timestamp="2024-09-13T20:12:43 IST" skipped="0">
  <testcase classname="fdpack.Oracle" name="loginAtOracle" time="2.949"/>
</testsuite> <!-- fdpack.Oracle -->
